<?xml version="1.0" encoding="UTF-8"?>
<coverage generated="1736799116">
  <project timestamp="1736799116">
    <package name="MulerTech\CharManipulation">
      <file name="/var/www/html/src/CharManipulation.php">
        <class name="MulerTech\CharManipulation\CharManipulation" namespace="MulerTech\CharManipulation">
          <metrics complexity="6" methods="2" coveredmethods="2" conditionals="0" coveredconditionals="0" statements="15" coveredstatements="15" elements="17" coveredelements="17"/>
        </class>
        <line num="16" type="method" name="specialCharsTrim" visibility="public" complexity="3" crap="3" count="2"/>
        <line num="18" type="stmt" count="2"/>
        <line num="19" type="stmt" count="1"/>
        <line num="20" type="stmt" count="1"/>
        <line num="21" type="stmt" count="1"/>
        <line num="22" type="stmt" count="1"/>
        <line num="25" type="stmt" count="2"/>
        <line num="26" type="stmt" count="2"/>
        <line num="29" type="stmt" count="1"/>
        <line num="36" type="method" name="specialCharsDecode" visibility="public" complexity="3" crap="3" count="5"/>
        <line num="38" type="stmt" count="5"/>
        <line num="39" type="stmt" count="2"/>
        <line num="40" type="stmt" count="2"/>
        <line num="41" type="stmt" count="2"/>
        <line num="43" type="stmt" count="2"/>
        <line num="46" type="stmt" count="5"/>
        <line num="47" type="stmt" count="4"/>
        <metrics loc="52" ncloc="39" classes="1" methods="2" coveredmethods="2" conditionals="0" coveredconditionals="0" statements="15" coveredstatements="15" elements="17" coveredelements="17"/>
      </file>
    </package>
    <metrics files="1" loc="52" ncloc="39" classes="1" methods="2" coveredmethods="2" conditionals="0" coveredconditionals="0" statements="15" coveredstatements="15" elements="17" coveredelements="17"/>
  </project>
</coverage>
